{"/Users/developer/MyFiles/Repository/feedback2me/src/index.jsx": {"path":"/Users/developer/MyFiles/Repository/feedback2me/src/index.jsx","statementMap":{"0":{"start":{"line":12,"column":14},"end":{"line":12,"column":42}},"1":{"start":{"line":13,"column":0},"end":{"line":13,"column":24}},"2":{"start":{"line":15,"column":18},"end":{"line":15,"column":48}},"3":{"start":{"line":16,"column":0},"end":{"line":21,"column":2}}},"fnMap":{},"branchMap":{},"s":{"0":0,"1":0,"2":0,"3":0},"f":{},"b":{}}
,"/Users/developer/MyFiles/Repository/feedback2me/src/components/addTodoForm/index.jsx": {"path":"/Users/developer/MyFiles/Repository/feedback2me/src/components/addTodoForm/index.jsx","statementMap":{"0":{"start":{"line":6,"column":20},"end":{"line":11,"column":1}},"1":{"start":{"line":7,"column":4},"end":{"line":10,"column":10}},"2":{"start":{"line":13,"column":0},"end":{"line":17,"column":2}}},"fnMap":{"0":{"name":"(anonymous_0)","decl":{"start":{"line":6,"column":20},"end":{"line":6,"column":21}},"loc":{"start":{"line":7,"column":4},"end":{"line":10,"column":10}},"line":7}},"branchMap":{},"s":{"0":0,"1":0,"2":0},"f":{"0":0},"b":{}}
,"/Users/developer/MyFiles/Repository/feedback2me/src/components/addTodoForm/style.js": {"path":"/Users/developer/MyFiles/Repository/feedback2me/src/components/addTodoForm/style.js","statementMap":{"0":{"start":{"line":4,"column":32},"end":{"line":6,"column":1}}},"fnMap":{},"branchMap":{},"s":{"0":0},"f":{},"b":{}}
,"/Users/developer/MyFiles/Repository/feedback2me/src/components/footer/index.jsx": {"path":"/Users/developer/MyFiles/Repository/feedback2me/src/components/footer/index.jsx","statementMap":{"0":{"start":{"line":5,"column":15},"end":{"line":18,"column":1}},"1":{"start":{"line":6,"column":4},"end":{"line":17,"column":10}}},"fnMap":{"0":{"name":"(anonymous_0)","decl":{"start":{"line":5,"column":15},"end":{"line":5,"column":16}},"loc":{"start":{"line":6,"column":4},"end":{"line":17,"column":10}},"line":6}},"branchMap":{},"s":{"0":1,"1":1},"f":{"0":1},"b":{},"_coverageSchema":"1a1c01bbd47fc00a2c39e90264f33305004495a9","hash":"2c46811945a529bcdfa5b203dfdd4a28ef09083e"}
,"/Users/developer/MyFiles/Repository/feedback2me/src/components/link/index.jsx": {"path":"/Users/developer/MyFiles/Repository/feedback2me/src/components/link/index.jsx","statementMap":{"0":{"start":{"line":5,"column":13},"end":{"line":12,"column":1}},"1":{"start":{"line":6,"column":4},"end":{"line":11,"column":24}},"2":{"start":{"line":14,"column":0},"end":{"line":18,"column":2}}},"fnMap":{"0":{"name":"(anonymous_0)","decl":{"start":{"line":5,"column":13},"end":{"line":5,"column":14}},"loc":{"start":{"line":6,"column":4},"end":{"line":11,"column":24}},"line":6}},"branchMap":{},"s":{"0":1,"1":0,"2":1},"f":{"0":0},"b":{},"_coverageSchema":"1a1c01bbd47fc00a2c39e90264f33305004495a9","hash":"6dc24f0ae5ec111d3b24e5a2bbe8b272996dd1c7"}
,"/Users/developer/MyFiles/Repository/feedback2me/src/components/link/style.js": {"path":"/Users/developer/MyFiles/Repository/feedback2me/src/components/link/style.js","statementMap":{"0":{"start":{"line":4,"column":26},"end":{"line":6,"column":1}}},"fnMap":{},"branchMap":{},"s":{"0":1},"f":{},"b":{},"_coverageSchema":"1a1c01bbd47fc00a2c39e90264f33305004495a9","hash":"c352dd3e5a40e303895fccb54952ab7d5a913de7"}
,"/Users/developer/MyFiles/Repository/feedback2me/src/components/todoList/index.jsx": {"path":"/Users/developer/MyFiles/Repository/feedback2me/src/components/todoList/index.jsx","statementMap":{"0":{"start":{"line":6,"column":17},"end":{"line":16,"column":1}},"1":{"start":{"line":7,"column":4},"end":{"line":15,"column":9}},"2":{"start":{"line":9,"column":12},"end":{"line":13,"column":14}},"3":{"start":{"line":12,"column":31},"end":{"line":12,"column":50}},"4":{"start":{"line":20,"column":0},"end":{"line":23,"column":2}}},"fnMap":{"0":{"name":"(anonymous_0)","decl":{"start":{"line":6,"column":17},"end":{"line":6,"column":18}},"loc":{"start":{"line":7,"column":4},"end":{"line":15,"column":9}},"line":7},"1":{"name":"(anonymous_1)","decl":{"start":{"line":8,"column":19},"end":{"line":8,"column":20}},"loc":{"start":{"line":9,"column":12},"end":{"line":13,"column":14}},"line":9},"2":{"name":"(anonymous_2)","decl":{"start":{"line":12,"column":25},"end":{"line":12,"column":26}},"loc":{"start":{"line":12,"column":31},"end":{"line":12,"column":50}},"line":12}},"branchMap":{},"s":{"0":0,"1":0,"2":0,"3":0,"4":0},"f":{"0":0,"1":0,"2":0},"b":{}}
,"/Users/developer/MyFiles/Repository/feedback2me/src/components/todoListItem/index.jsx": {"path":"/Users/developer/MyFiles/Repository/feedback2me/src/components/todoListItem/index.jsx","statementMap":{"0":{"start":{"line":5,"column":21},"end":{"line":12,"column":1}},"1":{"start":{"line":6,"column":4},"end":{"line":11,"column":26}},"2":{"start":{"line":14,"column":0},"end":{"line":18,"column":2}}},"fnMap":{"0":{"name":"(anonymous_0)","decl":{"start":{"line":5,"column":21},"end":{"line":5,"column":22}},"loc":{"start":{"line":6,"column":4},"end":{"line":11,"column":26}},"line":6}},"branchMap":{},"s":{"0":0,"1":0,"2":0},"f":{"0":0},"b":{}}
,"/Users/developer/MyFiles/Repository/feedback2me/src/components/todoListItem/style.js": {"path":"/Users/developer/MyFiles/Repository/feedback2me/src/components/todoListItem/style.js","statementMap":{"0":{"start":{"line":3,"column":28},"end":{"line":5,"column":1}},"1":{"start":{"line":4,"column":35},"end":{"line":4,"column":76}}},"fnMap":{"0":{"name":"(anonymous_0)","decl":{"start":{"line":4,"column":23},"end":{"line":4,"column":24}},"loc":{"start":{"line":4,"column":35},"end":{"line":4,"column":76}},"line":4}},"branchMap":{"0":{"loc":{"start":{"line":4,"column":35},"end":{"line":4,"column":76}},"type":"cond-expr","locations":[{"start":{"line":4,"column":53},"end":{"line":4,"column":67}},{"start":{"line":4,"column":70},"end":{"line":4,"column":76}}],"line":4}},"s":{"0":0,"1":0},"f":{"0":0},"b":{"0":[0,0]}}
,"/Users/developer/MyFiles/Repository/feedback2me/src/containers/addTodo/index.jsx": {"path":"/Users/developer/MyFiles/Repository/feedback2me/src/containers/addTodo/index.jsx","statementMap":{"0":{"start":{"line":7,"column":16},"end":{"line":30,"column":1}},"1":{"start":{"line":8,"column":36},"end":{"line":8,"column":48}},"2":{"start":{"line":10,"column":26},"end":{"line":12,"column":5}},"3":{"start":{"line":11,"column":8},"end":{"line":11,"column":36}},"4":{"start":{"line":14,"column":18},"end":{"line":21,"column":5}},"5":{"start":{"line":15,"column":8},"end":{"line":15,"column":27}},"6":{"start":{"line":16,"column":8},"end":{"line":18,"column":9}},"7":{"start":{"line":17,"column":12},"end":{"line":17,"column":19}},"8":{"start":{"line":19,"column":8},"end":{"line":19,"column":48}},"9":{"start":{"line":20,"column":8},"end":{"line":20,"column":24}},"10":{"start":{"line":23,"column":4},"end":{"line":29,"column":6}},"11":{"start":{"line":32,"column":0},"end":{"line":34,"column":2}}},"fnMap":{"0":{"name":"(anonymous_0)","decl":{"start":{"line":7,"column":16},"end":{"line":7,"column":17}},"loc":{"start":{"line":7,"column":34},"end":{"line":30,"column":1}},"line":7},"1":{"name":"(anonymous_1)","decl":{"start":{"line":10,"column":26},"end":{"line":10,"column":27}},"loc":{"start":{"line":10,"column":33},"end":{"line":12,"column":5}},"line":10},"2":{"name":"(anonymous_2)","decl":{"start":{"line":14,"column":18},"end":{"line":14,"column":19}},"loc":{"start":{"line":14,"column":25},"end":{"line":21,"column":5}},"line":14}},"branchMap":{"0":{"loc":{"start":{"line":16,"column":8},"end":{"line":18,"column":9}},"type":"if","locations":[{"start":{"line":16,"column":8},"end":{"line":18,"column":9}},{"start":{"line":16,"column":8},"end":{"line":18,"column":9}}],"line":16}},"s":{"0":0,"1":0,"2":0,"3":0,"4":0,"5":0,"6":0,"7":0,"8":0,"9":0,"10":0,"11":0},"f":{"0":0,"1":0,"2":0},"b":{"0":[0,0]}}
,"/Users/developer/MyFiles/Repository/feedback2me/src/containers/app/index.jsx": {"path":"/Users/developer/MyFiles/Repository/feedback2me/src/containers/app/index.jsx","statementMap":{"0":{"start":{"line":6,"column":12},"end":{"line":12,"column":1}},"1":{"start":{"line":7,"column":2},"end":{"line":11,"column":8}}},"fnMap":{"0":{"name":"(anonymous_0)","decl":{"start":{"line":6,"column":12},"end":{"line":6,"column":13}},"loc":{"start":{"line":7,"column":2},"end":{"line":11,"column":8}},"line":7}},"branchMap":{},"s":{"0":0,"1":0},"f":{"0":0},"b":{}}
,"/Users/developer/MyFiles/Repository/feedback2me/src/containers/filterLink/index.js": {"path":"/Users/developer/MyFiles/Repository/feedback2me/src/containers/filterLink/index.js","statementMap":{"0":{"start":{"line":5,"column":24},"end":{"line":7,"column":2}},"1":{"start":{"line":5,"column":46},"end":{"line":7,"column":1}},"2":{"start":{"line":9,"column":27},"end":{"line":11,"column":2}},"3":{"start":{"line":9,"column":52},"end":{"line":11,"column":1}},"4":{"start":{"line":10,"column":19},"end":{"line":10,"column":79}}},"fnMap":{"0":{"name":"(anonymous_0)","decl":{"start":{"line":5,"column":24},"end":{"line":5,"column":25}},"loc":{"start":{"line":5,"column":46},"end":{"line":7,"column":1}},"line":5},"1":{"name":"(anonymous_1)","decl":{"start":{"line":9,"column":27},"end":{"line":9,"column":28}},"loc":{"start":{"line":9,"column":52},"end":{"line":11,"column":1}},"line":9},"2":{"name":"(anonymous_2)","decl":{"start":{"line":10,"column":13},"end":{"line":10,"column":14}},"loc":{"start":{"line":10,"column":19},"end":{"line":10,"column":79}},"line":10}},"branchMap":{},"s":{"0":1,"1":0,"2":1,"3":0,"4":0},"f":{"0":0,"1":0,"2":0},"b":{},"_coverageSchema":"1a1c01bbd47fc00a2c39e90264f33305004495a9","hash":"cd17d651db764c2383c2c34fd1132573168a7f86"}
,"/Users/developer/MyFiles/Repository/feedback2me/src/containers/visibleTodoList/index.js": {"path":"/Users/developer/MyFiles/Repository/feedback2me/src/containers/visibleTodoList/index.js","statementMap":{"0":{"start":{"line":6,"column":24},"end":{"line":8,"column":2}},"1":{"start":{"line":6,"column":36},"end":{"line":8,"column":1}},"2":{"start":{"line":10,"column":27},"end":{"line":12,"column":2}},"3":{"start":{"line":10,"column":42},"end":{"line":12,"column":1}},"4":{"start":{"line":11,"column":24},"end":{"line":11,"column":56}}},"fnMap":{"0":{"name":"(anonymous_0)","decl":{"start":{"line":6,"column":24},"end":{"line":6,"column":25}},"loc":{"start":{"line":6,"column":36},"end":{"line":8,"column":1}},"line":6},"1":{"name":"(anonymous_1)","decl":{"start":{"line":10,"column":27},"end":{"line":10,"column":28}},"loc":{"start":{"line":10,"column":42},"end":{"line":12,"column":1}},"line":10},"2":{"name":"(anonymous_2)","decl":{"start":{"line":11,"column":16},"end":{"line":11,"column":17}},"loc":{"start":{"line":11,"column":24},"end":{"line":11,"column":56}},"line":11}},"branchMap":{},"s":{"0":0,"1":0,"2":0,"3":0,"4":0},"f":{"0":0,"1":0,"2":0},"b":{}}
,"/Users/developer/MyFiles/Repository/feedback2me/src/services/api.js": {"path":"/Users/developer/MyFiles/Repository/feedback2me/src/services/api.js","statementMap":{"0":{"start":{"line":3,"column":18},"end":{"line":5,"column":2}},"1":{"start":{"line":3,"column":25},"end":{"line":5,"column":1}},"2":{"start":{"line":8,"column":21},"end":{"line":8,"column":54}},"3":{"start":{"line":9,"column":4},"end":{"line":9,"column":25}}},"fnMap":{"0":{"name":"(anonymous_0)","decl":{"start":{"line":3,"column":18},"end":{"line":3,"column":19}},"loc":{"start":{"line":3,"column":25},"end":{"line":5,"column":1}},"line":3},"1":{"name":"get","decl":{"start":{"line":7,"column":22},"end":{"line":7,"column":25}},"loc":{"start":{"line":7,"column":31},"end":{"line":10,"column":1}},"line":7}},"branchMap":{},"s":{"0":0,"1":0,"2":0,"3":0},"f":{"0":0,"1":0},"b":{}}
,"/Users/developer/MyFiles/Repository/feedback2me/src/state/reducers.js": {"path":"/Users/developer/MyFiles/Repository/feedback2me/src/state/reducers.js","statementMap":{},"fnMap":{},"branchMap":{},"s":{},"f":{},"b":{}}
,"/Users/developer/MyFiles/Repository/feedback2me/src/state/sagas.js": {"path":"/Users/developer/MyFiles/Repository/feedback2me/src/state/sagas.js","statementMap":{"0":{"start":{"line":5,"column":4},"end":{"line":7,"column":7}}},"fnMap":{"0":{"name":"rootSaga","decl":{"start":{"line":4,"column":25},"end":{"line":4,"column":33}},"loc":{"start":{"line":4,"column":36},"end":{"line":8,"column":1}},"line":4}},"branchMap":{},"s":{"0":0},"f":{"0":0},"b":{}}
,"/Users/developer/MyFiles/Repository/feedback2me/src/state/state.js": {"path":"/Users/developer/MyFiles/Repository/feedback2me/src/state/state.js","statementMap":{},"fnMap":{},"branchMap":{},"s":{},"f":{},"b":{}}
,"/Users/developer/MyFiles/Repository/feedback2me/src/state/store.js": {"path":"/Users/developer/MyFiles/Repository/feedback2me/src/state/store.js","statementMap":{"0":{"start":{"line":8,"column":27},"end":{"line":8,"column":49}},"1":{"start":{"line":9,"column":24},"end":{"line":9,"column":40}},"2":{"start":{"line":11,"column":4},"end":{"line":13,"column":5}},"3":{"start":{"line":12,"column":8},"end":{"line":12,"column":41}},"4":{"start":{"line":15,"column":18},"end":{"line":21,"column":5}},"5":{"start":{"line":23,"column":4},"end":{"line":23,"column":39}},"6":{"start":{"line":24,"column":4},"end":{"line":24,"column":44}},"7":{"start":{"line":24,"column":24},"end":{"line":24,"column":43}},"8":{"start":{"line":25,"column":4},"end":{"line":25,"column":17}}},"fnMap":{"0":{"name":"configureStore","decl":{"start":{"line":7,"column":24},"end":{"line":7,"column":38}},"loc":{"start":{"line":7,"column":53},"end":{"line":26,"column":1}},"line":7},"1":{"name":"(anonymous_1)","decl":{"start":{"line":24,"column":18},"end":{"line":24,"column":19}},"loc":{"start":{"line":24,"column":24},"end":{"line":24,"column":43}},"line":24}},"branchMap":{"0":{"loc":{"start":{"line":11,"column":4},"end":{"line":13,"column":5}},"type":"if","locations":[{"start":{"line":11,"column":4},"end":{"line":13,"column":5}},{"start":{"line":11,"column":4},"end":{"line":13,"column":5}}],"line":11}},"s":{"0":0,"1":0,"2":0,"3":0,"4":0,"5":0,"6":0,"7":0,"8":0},"f":{"0":0,"1":0},"b":{"0":[0,0]}}
,"/Users/developer/MyFiles/Repository/feedback2me/src/state/todos/actions.js": {"path":"/Users/developer/MyFiles/Repository/feedback2me/src/state/todos/actions.js","statementMap":{"0":{"start":{"line":3,"column":17},"end":{"line":3,"column":18}},"1":{"start":{"line":5,"column":23},"end":{"line":9,"column":2}},"2":{"start":{"line":5,"column":34},"end":{"line":9,"column":1}},"3":{"start":{"line":11,"column":26},"end":{"line":14,"column":2}},"4":{"start":{"line":11,"column":35},"end":{"line":14,"column":1}}},"fnMap":{"0":{"name":"(anonymous_0)","decl":{"start":{"line":5,"column":23},"end":{"line":5,"column":24}},"loc":{"start":{"line":5,"column":34},"end":{"line":9,"column":1}},"line":5},"1":{"name":"(anonymous_1)","decl":{"start":{"line":11,"column":26},"end":{"line":11,"column":27}},"loc":{"start":{"line":11,"column":35},"end":{"line":14,"column":1}},"line":11}},"branchMap":{},"s":{"0":0,"1":0,"2":0,"3":0,"4":0},"f":{"0":0,"1":0},"b":{}}
,"/Users/developer/MyFiles/Repository/feedback2me/src/state/todos/reducer.js": {"path":"/Users/developer/MyFiles/Repository/feedback2me/src/state/todos/reducer.js","statementMap":{"0":{"start":{"line":4,"column":14},"end":{"line":17,"column":1}},"1":{"start":{"line":5,"column":4},"end":{"line":16,"column":5}},"2":{"start":{"line":7,"column":8},"end":{"line":11,"column":11}},"3":{"start":{"line":13,"column":8},"end":{"line":13,"column":109}},"4":{"start":{"line":13,"column":36},"end":{"line":13,"column":106}},"5":{"start":{"line":15,"column":8},"end":{"line":15,"column":21}}},"fnMap":{"0":{"name":"(anonymous_0)","decl":{"start":{"line":4,"column":14},"end":{"line":4,"column":15}},"loc":{"start":{"line":4,"column":54},"end":{"line":17,"column":1}},"line":4},"1":{"name":"(anonymous_1)","decl":{"start":{"line":13,"column":25},"end":{"line":13,"column":26}},"loc":{"start":{"line":13,"column":36},"end":{"line":13,"column":106}},"line":13}},"branchMap":{"0":{"loc":{"start":{"line":4,"column":15},"end":{"line":4,"column":41}},"type":"default-arg","locations":[{"start":{"line":4,"column":23},"end":{"line":4,"column":41}}],"line":4},"1":{"loc":{"start":{"line":5,"column":4},"end":{"line":16,"column":5}},"type":"switch","locations":[{"start":{"line":6,"column":4},"end":{"line":11,"column":11}},{"start":{"line":12,"column":4},"end":{"line":13,"column":109}},{"start":{"line":14,"column":4},"end":{"line":15,"column":21}}],"line":5},"2":{"loc":{"start":{"line":13,"column":36},"end":{"line":13,"column":106}},"type":"cond-expr","locations":[{"start":{"line":13,"column":60},"end":{"line":13,"column":99}},{"start":{"line":13,"column":102},"end":{"line":13,"column":106}}],"line":13}},"s":{"0":0,"1":0,"2":0,"3":0,"4":0,"5":0},"f":{"0":0,"1":0},"b":{"0":[0],"1":[0,0,0],"2":[0,0]}}
,"/Users/developer/MyFiles/Repository/feedback2me/src/state/todos/saga.js": {"path":"/Users/developer/MyFiles/Repository/feedback2me/src/state/todos/saga.js","statementMap":{"0":{"start":{"line":9,"column":4},"end":{"line":9,"column":58}},"1":{"start":{"line":13,"column":4},"end":{"line":18,"column":5}},"2":{"start":{"line":14,"column":25},"end":{"line":14,"column":62}},"3":{"start":{"line":15,"column":8},"end":{"line":15,"column":30}},"4":{"start":{"line":17,"column":8},"end":{"line":17,"column":27}}},"fnMap":{"0":{"name":"watchHelloWorld","decl":{"start":{"line":8,"column":17},"end":{"line":8,"column":32}},"loc":{"start":{"line":8,"column":35},"end":{"line":10,"column":1}},"line":8},"1":{"name":"requestHelloWorld","decl":{"start":{"line":12,"column":10},"end":{"line":12,"column":27}},"loc":{"start":{"line":12,"column":30},"end":{"line":19,"column":1}},"line":12}},"branchMap":{},"s":{"0":0,"1":0,"2":0,"3":0,"4":0},"f":{"0":0,"1":0},"b":{}}
,"/Users/developer/MyFiles/Repository/feedback2me/src/state/todos/selectors.js": {"path":"/Users/developer/MyFiles/Repository/feedback2me/src/state/todos/selectors.js","statementMap":{"0":{"start":{"line":3,"column":31},"end":{"line":15,"column":1}},"1":{"start":{"line":4,"column":40},"end":{"line":4,"column":45}},"2":{"start":{"line":5,"column":4},"end":{"line":14,"column":5}},"3":{"start":{"line":7,"column":8},"end":{"line":7,"column":21}},"4":{"start":{"line":9,"column":8},"end":{"line":9,"column":48}},"5":{"start":{"line":9,"column":35},"end":{"line":9,"column":46}},"6":{"start":{"line":11,"column":8},"end":{"line":11,"column":49}},"7":{"start":{"line":11,"column":35},"end":{"line":11,"column":47}},"8":{"start":{"line":13,"column":8},"end":{"line":13,"column":63}}},"fnMap":{"0":{"name":"(anonymous_0)","decl":{"start":{"line":3,"column":31},"end":{"line":3,"column":32}},"loc":{"start":{"line":3,"column":42},"end":{"line":15,"column":1}},"line":3},"1":{"name":"(anonymous_1)","decl":{"start":{"line":9,"column":28},"end":{"line":9,"column":29}},"loc":{"start":{"line":9,"column":35},"end":{"line":9,"column":46}},"line":9},"2":{"name":"(anonymous_2)","decl":{"start":{"line":11,"column":28},"end":{"line":11,"column":29}},"loc":{"start":{"line":11,"column":35},"end":{"line":11,"column":47}},"line":11}},"branchMap":{"0":{"loc":{"start":{"line":5,"column":4},"end":{"line":14,"column":5}},"type":"switch","locations":[{"start":{"line":6,"column":4},"end":{"line":7,"column":21}},{"start":{"line":8,"column":4},"end":{"line":9,"column":48}},{"start":{"line":10,"column":4},"end":{"line":11,"column":49}},{"start":{"line":12,"column":4},"end":{"line":13,"column":63}}],"line":5}},"s":{"0":0,"1":0,"2":0,"3":0,"4":0,"5":0,"6":0,"7":0,"8":0},"f":{"0":0,"1":0,"2":0},"b":{"0":[0,0,0,0]}}
,"/Users/developer/MyFiles/Repository/feedback2me/src/state/visibilityFilter/actions.js": {"path":"/Users/developer/MyFiles/Repository/feedback2me/src/state/visibilityFilter/actions.js","statementMap":{"0":{"start":{"line":3,"column":35},"end":{"line":6,"column":2}},"1":{"start":{"line":3,"column":48},"end":{"line":6,"column":1}}},"fnMap":{"0":{"name":"(anonymous_0)","decl":{"start":{"line":3,"column":35},"end":{"line":3,"column":36}},"loc":{"start":{"line":3,"column":48},"end":{"line":6,"column":1}},"line":3}},"branchMap":{},"s":{"0":1,"1":0},"f":{"0":0},"b":{},"_coverageSchema":"1a1c01bbd47fc00a2c39e90264f33305004495a9","hash":"0826204f026e91a8e3f8e7b9c75d7dc1c1b4c44b"}
,"/Users/developer/MyFiles/Repository/feedback2me/src/state/visibilityFilter/reducer.js": {"path":"/Users/developer/MyFiles/Repository/feedback2me/src/state/visibilityFilter/reducer.js","statementMap":{"0":{"start":{"line":4,"column":25},"end":{"line":11,"column":1}},"1":{"start":{"line":5,"column":4},"end":{"line":10,"column":5}},"2":{"start":{"line":7,"column":8},"end":{"line":7,"column":29}},"3":{"start":{"line":9,"column":8},"end":{"line":9,"column":21}}},"fnMap":{"0":{"name":"(anonymous_0)","decl":{"start":{"line":4,"column":25},"end":{"line":4,"column":26}},"loc":{"start":{"line":4,"column":76},"end":{"line":11,"column":1}},"line":4}},"branchMap":{"0":{"loc":{"start":{"line":4,"column":26},"end":{"line":4,"column":63}},"type":"default-arg","locations":[{"start":{"line":4,"column":34},"end":{"line":4,"column":63}}],"line":4},"1":{"loc":{"start":{"line":5,"column":4},"end":{"line":10,"column":5}},"type":"switch","locations":[{"start":{"line":6,"column":4},"end":{"line":7,"column":29}},{"start":{"line":8,"column":4},"end":{"line":9,"column":21}}],"line":5}},"s":{"0":0,"1":0,"2":0,"3":0},"f":{"0":0},"b":{"0":[0],"1":[0,0]}}
,"/Users/developer/MyFiles/Repository/feedback2me/src/utils/constants.js": {"path":"/Users/developer/MyFiles/Repository/feedback2me/src/utils/constants.js","statementMap":{},"fnMap":{},"branchMap":{},"s":{},"f":{},"b":{},"_coverageSchema":"1a1c01bbd47fc00a2c39e90264f33305004495a9","hash":"50e703d4308703fbcf53017225f143343b3bc29e"}
,"/Users/developer/MyFiles/Repository/feedback2me/src/utils/routes.js": {"path":"/Users/developer/MyFiles/Repository/feedback2me/src/utils/routes.js","statementMap":{},"fnMap":{},"branchMap":{},"s":{},"f":{},"b":{}}
}
