TN:
SF:src/index.jsx
FNF:0
FNH:0
DA:12,0
DA:13,0
DA:15,0
DA:16,0
LF:4
LH:0
BRF:0
BRH:0
end_of_record
TN:
SF:src/components/addTodoForm/index.jsx
FN:6,(anonymous_0)
FNF:1
FNH:0
FNDA:0,(anonymous_0)
DA:6,0
DA:7,0
DA:13,0
LF:3
LH:0
BRF:0
BRH:0
end_of_record
TN:
SF:src/components/addTodoForm/style.js
FNF:0
FNH:0
DA:4,0
LF:1
LH:0
BRF:0
BRH:0
end_of_record
TN:
SF:src/components/footer/index.jsx
FN:5,(anonymous_0)
FNF:1
FNH:1
FNDA:1,(anonymous_0)
DA:5,1
DA:6,1
LF:2
LH:2
BRF:0
BRH:0
end_of_record
TN:
SF:src/components/link/index.jsx
FN:5,(anonymous_0)
FNF:1
FNH:0
FNDA:0,(anonymous_0)
DA:5,1
DA:6,0
DA:14,1
LF:3
LH:2
BRF:0
BRH:0
end_of_record
TN:
SF:src/components/link/style.js
FNF:0
FNH:0
DA:4,1
LF:1
LH:1
BRF:0
BRH:0
end_of_record
TN:
SF:src/components/todoList/index.jsx
FN:6,(anonymous_0)
FN:8,(anonymous_1)
FN:12,(anonymous_2)
FNF:3
FNH:0
FNDA:0,(anonymous_0)
FNDA:0,(anonymous_1)
FNDA:0,(anonymous_2)
DA:6,0
DA:7,0
DA:9,0
DA:12,0
DA:20,0
LF:5
LH:0
BRF:0
BRH:0
end_of_record
TN:
SF:src/components/todoListItem/index.jsx
FN:5,(anonymous_0)
FNF:1
FNH:0
FNDA:0,(anonymous_0)
DA:5,0
DA:6,0
DA:14,0
LF:3
LH:0
BRF:0
BRH:0
end_of_record
TN:
SF:src/components/todoListItem/style.js
FN:4,(anonymous_0)
FNF:1
FNH:0
FNDA:0,(anonymous_0)
DA:3,0
DA:4,0
LF:2
LH:0
BRDA:4,0,0,0
BRDA:4,0,1,0
BRF:2
BRH:0
end_of_record
TN:
SF:src/containers/addTodo/index.jsx
FN:7,(anonymous_0)
FN:10,(anonymous_1)
FN:14,(anonymous_2)
FNF:3
FNH:0
FNDA:0,(anonymous_0)
FNDA:0,(anonymous_1)
FNDA:0,(anonymous_2)
DA:7,0
DA:8,0
DA:10,0
DA:11,0
DA:14,0
DA:15,0
DA:16,0
DA:17,0
DA:19,0
DA:20,0
DA:23,0
DA:32,0
LF:12
LH:0
BRDA:16,0,0,0
BRDA:16,0,1,0
BRF:2
BRH:0
end_of_record
TN:
SF:src/containers/app/index.jsx
FN:6,(anonymous_0)
FNF:1
FNH:0
FNDA:0,(anonymous_0)
DA:6,0
DA:7,0
LF:2
LH:0
BRF:0
BRH:0
end_of_record
TN:
SF:src/containers/filterLink/index.js
FN:5,(anonymous_0)
FN:9,(anonymous_1)
FN:10,(anonymous_2)
FNF:3
FNH:0
FNDA:0,(anonymous_0)
FNDA:0,(anonymous_1)
FNDA:0,(anonymous_2)
DA:5,1
DA:9,1
DA:10,0
LF:3
LH:2
BRF:0
BRH:0
end_of_record
TN:
SF:src/containers/visibleTodoList/index.js
FN:6,(anonymous_0)
FN:10,(anonymous_1)
FN:11,(anonymous_2)
FNF:3
FNH:0
FNDA:0,(anonymous_0)
FNDA:0,(anonymous_1)
FNDA:0,(anonymous_2)
DA:6,0
DA:10,0
DA:11,0
LF:3
LH:0
BRF:0
BRH:0
end_of_record
TN:
SF:src/services/api.js
FN:3,(anonymous_0)
FN:7,get
FNF:2
FNH:0
FNDA:0,(anonymous_0)
FNDA:0,get
DA:3,0
DA:8,0
DA:9,0
LF:3
LH:0
BRF:0
BRH:0
end_of_record
TN:
SF:src/state/reducers.js
FNF:0
FNH:0
LF:0
LH:0
BRF:0
BRH:0
end_of_record
TN:
SF:src/state/sagas.js
FN:4,rootSaga
FNF:1
FNH:0
FNDA:0,rootSaga
DA:5,0
LF:1
LH:0
BRF:0
BRH:0
end_of_record
TN:
SF:src/state/state.js
FNF:0
FNH:0
LF:0
LH:0
BRF:0
BRH:0
end_of_record
TN:
SF:src/state/store.js
FN:7,configureStore
FN:24,(anonymous_1)
FNF:2
FNH:0
FNDA:0,configureStore
FNDA:0,(anonymous_1)
DA:8,0
DA:9,0
DA:11,0
DA:12,0
DA:15,0
DA:23,0
DA:24,0
DA:25,0
LF:8
LH:0
BRDA:11,0,0,0
BRDA:11,0,1,0
BRF:2
BRH:0
end_of_record
TN:
SF:src/state/todos/actions.js
FN:5,(anonymous_0)
FN:11,(anonymous_1)
FNF:2
FNH:0
FNDA:0,(anonymous_0)
FNDA:0,(anonymous_1)
DA:3,0
DA:5,0
DA:11,0
LF:3
LH:0
BRF:0
BRH:0
end_of_record
TN:
SF:src/state/todos/reducer.js
FN:4,(anonymous_0)
FN:13,(anonymous_1)
FNF:2
FNH:0
FNDA:0,(anonymous_0)
FNDA:0,(anonymous_1)
DA:4,0
DA:5,0
DA:7,0
DA:13,0
DA:15,0
LF:5
LH:0
BRDA:4,0,0,0
BRDA:5,1,0,0
BRDA:5,1,1,0
BRDA:5,1,2,0
BRDA:13,2,0,0
BRDA:13,2,1,0
BRF:6
BRH:0
end_of_record
TN:
SF:src/state/todos/saga.js
FN:8,watchHelloWorld
FN:12,requestHelloWorld
FNF:2
FNH:0
FNDA:0,watchHelloWorld
FNDA:0,requestHelloWorld
DA:9,0
DA:13,0
DA:14,0
DA:15,0
DA:17,0
LF:5
LH:0
BRF:0
BRH:0
end_of_record
TN:
SF:src/state/todos/selectors.js
FN:3,(anonymous_0)
FN:9,(anonymous_1)
FN:11,(anonymous_2)
FNF:3
FNH:0
FNDA:0,(anonymous_0)
FNDA:0,(anonymous_1)
FNDA:0,(anonymous_2)
DA:3,0
DA:4,0
DA:5,0
DA:7,0
DA:9,0
DA:11,0
DA:13,0
LF:7
LH:0
BRDA:5,0,0,0
BRDA:5,0,1,0
BRDA:5,0,2,0
BRDA:5,0,3,0
BRF:4
BRH:0
end_of_record
TN:
SF:src/state/visibilityFilter/actions.js
FN:3,(anonymous_0)
FNF:1
FNH:0
FNDA:0,(anonymous_0)
DA:3,1
LF:1
LH:1
BRF:0
BRH:0
end_of_record
TN:
SF:src/state/visibilityFilter/reducer.js
FN:4,(anonymous_0)
FNF:1
FNH:0
FNDA:0,(anonymous_0)
DA:4,0
DA:5,0
DA:7,0
DA:9,0
LF:4
LH:0
BRDA:4,0,0,0
BRDA:5,1,0,0
BRDA:5,1,1,0
BRF:3
BRH:0
end_of_record
TN:
SF:src/utils/constants.js
FNF:0
FNH:0
LF:0
LH:0
BRF:0
BRH:0
end_of_record
TN:
SF:src/utils/routes.js
FNF:0
FNH:0
LF:0
LH:0
BRF:0
BRH:0
end_of_record
